<?xml version="1.0" encoding="UTF-8"?>
<beans xmlns="http://www.springframework.org/schema/beans"
       xmlns:xsi="http://www.w3.org/2001/XMLSchema-instance"
       xmlns:util="http://www.springframework.org/schema/util"
       xsi:schemaLocation="http://www.springframework.org/schema/beans http://www.springframework.org/schema/beans/spring-beans-3.0.xsd http://www.springframework.org/schema/util http://www.springframework.org/schema/util/spring-util-3.0.xsd">

    <bean id="testGenome" class="org.lcsb.lu.igcsa.genome.MutableGenome">
        <constructor-arg ref="testGCBinDAO" />
        <constructor-arg ref="testFragmentDAO" />
    </bean>

    <bean id="testVariantUtil" class="org.lcsb.lu.igcsa.population.utils.VariantUtils">
        <constructor-arg ref="testVariationDAO" />
        <constructor-arg ref="testSizeDAO" />
        <constructor-arg ref="testSNVDAO"/>
    </bean>


</beans>