<?xml version="1.0" encoding="UTF-8"?>
<beans xmlns="http://www.springframework.org/schema/beans"
       xmlns:xsi="http://www.w3.org/2001/XMLSchema-instance"
       xsi:schemaLocation="http://www.springframework.org/schema/beans http://www.springframework.org/schema/beans/spring-beans.xsd">


    <bean id="testDS" class="org.springframework.jdbc.datasource.DriverManagerDataSource" lazy-init="true">
        <property name="driverClassName" value="${normal.genome.driver}"/>
        <property name="url" value="${normal.genome.url}"/>
        <property name="username" value="${normal.genome.user}"/>
        <property name="password" value="${normal.genome.pwd}"/>
    </bean>


    <bean id="testFragmentDAO" class="org.lcsb.lu.igcsa.karyotype.database.sql.JDBCFragmentDAO">
        <property name="dataSource" ref="testDS"/>
    </bean>

    <bean id="testVariationDAO" class="org.lcsb.lu.igcsa.karyotype.database.sql.JDBCVariationDAO">
        <property name="dataSource" ref="testDS"/>
    </bean>

    <bean id="testGCBinDAO" class="org.lcsb.lu.igcsa.karyotype.database.sql.JDBCGCBinDAO">
        <property name="dataSource" ref="testDS"/>
    </bean>

    <bean id="testSizeDAO" class="org.lcsb.lu.igcsa.karyotype.database.sql.JDBCSizeDAO">
        <property name="dataSource" ref="testDS"/>
    </bean>

    <bean id="testSNVDAO" class="org.lcsb.lu.igcsa.karyotype.database.sql.JDBCSNVProbabilityDAO">
        <property name="dataSource" ref="testDS"/>
    </bean>

</beans>