<?xml version="1.0" encoding="UTF-8"?>
<beans xmlns="http://www.springframework.org/schema/beans"
       xmlns:xsi="http://www.w3.org/2001/XMLSchema-instance"
       xsi:schemaLocation="http://www.springframework.org/schema/beans http://www.springframework.org/schema/beans/spring-beans.xsd">


    <!-- Frequency objects for SNVs -->
    <bean id="cFrequency" class="org.lcsb.lu.igcsa.prob.Frequency">
        <constructor-arg>
            <map key-type="java.lang.Character">
                <entry key="C" value="0"/>
                <entry key="A" value="${CA}"/>
                <entry key="T" value="${CT}"/>
                <entry key="G" value="${CG}"/>
            </map>
        </constructor-arg>
    </bean>
    <bean id="tFrequency" class="org.lcsb.lu.igcsa.prob.Frequency">
        <constructor-arg>
            <map key-type="java.lang.Character">
                <entry key="T" value="0"/>
                <entry key="A" value="${TA}"/>
                <entry key="G" value="${TG}"/>
                <entry key="C" value="${TC}"/>
            </map>
        </constructor-arg>
    </bean>
    <bean id="gFrequency" class="org.lcsb.lu.igcsa.prob.Frequency">
        <constructor-arg>
            <map key-type="java.lang.Character">
                <entry key="G" value="0"/>
                <entry key="A" value="${GA}"/>
                <entry key="T" value="${GT}"/>
                <entry key="C" value="${GC}"/>
            </map>
        </constructor-arg>
    </bean>
    <bean id="aFrequency" class="org.lcsb.lu.igcsa.prob.Frequency">
        <constructor-arg>
            <map key-type="java.lang.Character">
                <entry key="A" value="0"/>
                <entry key="T" value="${AT}"/>
                <entry key="G" value="${AG}"/>
                <entry key="C" value="${AC}"/>
            </map>
        </constructor-arg>
    </bean>


    <bean id="SNV" class="org.lcsb.lu.igcsa.variation.SNV">
        <constructor-arg>
            <map key-type="java.lang.Character">
                <entry key="A" value-ref="aFrequency"/>
                <entry key="C" value-ref="cFrequency"/>
                <entry key="T" value-ref="tFrequency"/>
                <entry key="G" value-ref="gFrequency"/>
            </map>
        </constructor-arg>
        <property name="variationName" value="SNV"/>
    </bean>



    <!-- Reference Genome creation -->
    <bean id="testGenome" class="org.lcsb.lu.igcsa.genome.MutableGenome">
        <constructor-arg ref="testGCBinDAO"></constructor-arg>
        <constructor-arg ref="testFragmentDAO"></constructor-arg>
        <constructor-arg ref="testSizeDAO"></constructor-arg>
        <property name="buildName">
            <value>${assembly}</value>
        </property>
        <!-- Variation classes -->
        <property name="variantTypes">
            <list>
                <bean id="Deletion" class="org.lcsb.lu.igcsa.variation.Deletion">
                    <property name="variationName" value="deletion"/>
                </bean>
                <bean id="Insertion" class="org.lcsb.lu.igcsa.variation.Insertion">
                    <property name="variationName" value="insertion"/>
                </bean>
                <ref bean="SNV"/>
            </list>
        </property>
    </bean>


</beans>