<?xml version="1.0" encoding="UTF-8"?>
<beans xmlns="http://www.springframework.org/schema/beans"
       xmlns:xsi="http://www.w3.org/2001/XMLSchema-instance"
       xmlns:util="http://www.springframework.org/schema/util"
       xsi:schemaLocation="http://www.springframework.org/schema/beans http://www.springframework.org/schema/beans/spring-beans-3.0.xsd http://www.springframework.org/schema/util http://www.springframework.org/schema/util/spring-util-3.0.xsd">

    <bean id="testSNV" class="org.lcsb.lu.igcsa.variation.SNV">
        <constructor-arg>
            <map key-type="java.lang.Character">
                <entry key="A" value="#{testSNVDAO.getByNucleotide('A')}"/>
                <entry key="C" value="#{testSNVDAO.getByNucleotide('C')}"/>
                <entry key="T" value="#{testSNVDAO.getByNucleotide('T')}"/>
                <entry key="G" value="#{testSNVDAO.getByNucleotide('G')}"/>
            </map>
        </constructor-arg>
        <property name="variationName" value="SNV"/>
    </bean>

    <bean id="testVariantList" class="java.util.ArrayList">
        <constructor-arg>
            <list>
                <bean id="Deletion" class="org.lcsb.lu.igcsa.variation.Deletion">
                    <property name="variationName" value="deletion"/>
                    <property name="sizeVariation" value="#{testSizeDAO.getByVariation('deletion')}"/>
                </bean>
                <bean id="Insertion" class="org.lcsb.lu.igcsa.variation.Insertion">
                    <property name="variationName" value="insertion"/>
                    <property name="sizeVariation" value="#{testSizeDAO.getByVariation('insertion')}"/>
                </bean>
                <ref bean="testSNV"/>
            </list>
        </constructor-arg>
    </bean>

    <!-- Reference Genome creation -->
    <bean id="testGenome" class="org.lcsb.lu.igcsa.genome.MutableGenome">
        <constructor-arg ref="testGCBinDAO"></constructor-arg>
        <constructor-arg ref="testFragmentDAO"></constructor-arg>
        <constructor-arg ref="testSizeDAO"></constructor-arg>
        <property name="buildName">
            <value>${assembly}</value>
        </property>
        <!-- Variation classes -->
        <property name="variantTypes" ref="testVariantList"/>
    </bean>


</beans>