<?xml version="1.0" encoding="UTF-8"?>
<beans xmlns="http://www.springframework.org/schema/beans"
       xmlns:xsi="http://www.w3.org/2001/XMLSchema-instance"
       xsi:schemaLocation="http://www.springframework.org/schema/beans http://www.springframework.org/schema/beans/spring-beans.xsd">

    <!-- Logging -->
    <bean id="log4jInitialization" class="org.springframework.beans.factory.config.MethodInvokingFactoryBean">
        <property name="targetClass" value="org.springframework.util.Log4jConfigurer"/>
        <property name="targetMethod" value="initLogging"/>
        <property name="arguments">
            <list>
                <value>classpath:log4j.xml</value>
            </list>
        </property>
    </bean>


    <import resource="conf/props-config.xml"/>
    <import resource="conf/database-config.xml"/>
    <import resource="conf/normal-genome.xml"/>
    <!--<import resource="conf/cancer-genome.xml"/>-->

</beans>